Jun-23 14:19:26.637 [main] DEBUG nextflow.cli.Launcher - $> nextflow run long_read.nf -with-report usage_300.html
Jun-23 14:19:26.908 [main] DEBUG nextflow.cli.CmdRun - N E X T F L O W  ~  version 24.04.4
Jun-23 14:19:26.931 [main] DEBUG nextflow.plugin.PluginsFacade - Setting up plugin manager > mode=prod; embedded=false; plugins-dir=/home/akapil/.nextflow/plugins; core-plugins: nf-amazon@2.5.3,nf-azure@1.6.1,nf-cloudcache@0.4.1,nf-codecommit@0.2.1,nf-console@1.1.3,nf-ga4gh@1.3.0,nf-google@1.13.2-patch1,nf-tower@1.9.1,nf-wave@1.4.2-patch1
Jun-23 14:19:26.942 [main] INFO  o.pf4j.DefaultPluginStatusProvider - Enabled plugins: []
Jun-23 14:19:26.943 [main] INFO  o.pf4j.DefaultPluginStatusProvider - Disabled plugins: []
Jun-23 14:19:26.947 [main] INFO  org.pf4j.DefaultPluginManager - PF4J version 3.12.0 in 'deployment' mode
Jun-23 14:19:26.960 [main] INFO  org.pf4j.AbstractPluginManager - No plugins
Jun-23 14:19:27.033 [main] DEBUG nextflow.cli.CmdRun - Applied DSL=2 from script declaration
Jun-23 14:19:27.054 [main] DEBUG nextflow.cli.CmdRun - Launching `long_read.nf` [distraught_celsius] DSL2 - revision: 935ec77e51
Jun-23 14:19:27.056 [main] DEBUG nextflow.plugin.PluginsFacade - Plugins default=[]
Jun-23 14:19:27.056 [main] DEBUG nextflow.plugin.PluginsFacade - Plugins resolved requirement=[]
Jun-23 14:19:27.120 [main] DEBUG nextflow.Session - Session UUID: 5b733183-705e-4c9b-8e6b-f74d85f79444
Jun-23 14:19:27.120 [main] DEBUG nextflow.Session - Run name: distraught_celsius
Jun-23 14:19:27.121 [main] DEBUG nextflow.Session - Executor pool size: 80
Jun-23 14:19:27.130 [main] DEBUG nextflow.file.FilePorter - File porter settings maxRetries=3; maxTransfers=50; pollTimeout=null
Jun-23 14:19:27.159 [main] DEBUG nextflow.cli.CmdRun - 
  Version: 24.04.4 build 5917
  Created: 01-08-2024 07:05 UTC (00:05 PDT)
  System: Linux 6.8.0-60-generic
  Runtime: Groovy 4.0.21 on OpenJDK 64-Bit Server VM 21.0.7+6-Ubuntu-0ubuntu124.04
  Encoding: UTF-8 (UTF-8)
  Process: 2212713@nedser [127.0.1.1]
  CPUs: 80 - Mem: 503.5 GB (303.6 GB) - Swap: 14.9 GB (13.5 GB) - Virtual threads ON
Jun-23 14:19:27.184 [main] DEBUG nextflow.Session - Work-dir: /scratch1/Masters/Arshia/akpk/pipeline/work [ext2/ext3]
Jun-23 14:19:27.184 [main] DEBUG nextflow.Session - Script base path does not exist or is not a directory: /scratch1/Masters/Arshia/akpk/pipeline/bin
Jun-23 14:19:27.201 [main] DEBUG nextflow.executor.ExecutorFactory - Extension executors providers=[]
Jun-23 14:19:27.215 [main] DEBUG nextflow.Session - Observer factory: DefaultObserverFactory
Jun-23 14:19:27.252 [main] DEBUG nextflow.cache.CacheFactory - Using Nextflow cache factory: nextflow.cache.DefaultCacheFactory
Jun-23 14:19:27.261 [main] DEBUG nextflow.util.CustomPoolFactory - Creating virtual thread pool
Jun-23 14:19:27.462 [main] DEBUG nextflow.Session - Session start
Jun-23 14:19:28.548 [main] DEBUG nextflow.script.ScriptRunner - > Launching execution
Jun-23 14:19:28.563 [main] DEBUG n.secret.LocalSecretsProvider - Secrets store: /home/akapil/.nextflow/secrets/store.json
Jun-23 14:19:28.573 [main] DEBUG nextflow.secret.SecretsLoader - Discovered secrets providers: [nextflow.secret.LocalSecretsProvider@7db5b890] - activable => nextflow.secret.LocalSecretsProvider@7db5b890
Jun-23 14:19:28.582 [main] WARN  nextflow.script.ScriptBinding - Access to undefined parameter `fastqFiles` -- Initialise it to a default value eg. `params.fastqFiles = some_value`
Jun-23 14:19:28.587 [main] WARN  nextflow.script.ScriptBinding - Access to undefined parameter `kmer_size` -- Initialise it to a default value eg. `params.kmer_size = some_value`
Jun-23 14:19:28.772 [main] DEBUG nextflow.executor.ExecutorFactory - << taskConfig executor: null
Jun-23 14:19:28.772 [main] DEBUG nextflow.executor.ExecutorFactory - >> processorType: 'local'
Jun-23 14:19:28.779 [main] DEBUG nextflow.executor.Executor - [warm up] executor > local
Jun-23 14:19:28.788 [main] DEBUG n.processor.LocalPollingMonitor - Creating local task monitor for executor 'local' > cpus=80; memory=503.5 GB; capacity=80; pollInterval=100ms; dumpInterval=5m
Jun-23 14:19:28.805 [main] DEBUG n.processor.TaskPollingMonitor - >>> barrier register (monitor: local)
Jun-23 14:19:28.884 [main] DEBUG nextflow.executor.ExecutorFactory - << taskConfig executor: null
Jun-23 14:19:28.884 [main] DEBUG nextflow.executor.ExecutorFactory - >> processorType: 'local'
Jun-23 14:19:28.889 [main] DEBUG nextflow.executor.ExecutorFactory - << taskConfig executor: null
Jun-23 14:19:28.890 [main] DEBUG nextflow.executor.ExecutorFactory - >> processorType: 'local'
Jun-23 14:19:28.898 [main] DEBUG nextflow.executor.ExecutorFactory - << taskConfig executor: null
Jun-23 14:19:28.899 [main] DEBUG nextflow.executor.ExecutorFactory - >> processorType: 'local'
Jun-23 14:19:28.904 [main] DEBUG nextflow.executor.ExecutorFactory - << taskConfig executor: null
Jun-23 14:19:28.904 [main] DEBUG nextflow.executor.ExecutorFactory - >> processorType: 'local'
Jun-23 14:19:28.909 [main] DEBUG nextflow.executor.ExecutorFactory - << taskConfig executor: null
Jun-23 14:19:28.909 [main] DEBUG nextflow.executor.ExecutorFactory - >> processorType: 'local'
Jun-23 14:19:28.920 [main] DEBUG nextflow.executor.ExecutorFactory - << taskConfig executor: null
Jun-23 14:19:28.921 [main] DEBUG nextflow.executor.ExecutorFactory - >> processorType: 'local'
Jun-23 14:19:28.926 [main] DEBUG nextflow.executor.ExecutorFactory - << taskConfig executor: null
Jun-23 14:19:28.927 [main] DEBUG nextflow.executor.ExecutorFactory - >> processorType: 'local'
Jun-23 14:19:28.932 [main] DEBUG nextflow.executor.ExecutorFactory - << taskConfig executor: null
Jun-23 14:19:28.933 [main] DEBUG nextflow.executor.ExecutorFactory - >> processorType: 'local'
Jun-23 14:19:28.972 [main] DEBUG nextflow.executor.ExecutorFactory - << taskConfig executor: null
Jun-23 14:19:28.972 [main] DEBUG nextflow.executor.ExecutorFactory - >> processorType: 'local'
Jun-23 14:19:28.979 [main] DEBUG nextflow.executor.ExecutorFactory - << taskConfig executor: null
Jun-23 14:19:28.979 [main] DEBUG nextflow.executor.ExecutorFactory - >> processorType: 'local'
Jun-23 14:19:28.982 [main] DEBUG nextflow.Session - Workflow process names [dsl2]: quast, kmerCounting, k3_k1_ratio, plot_existence, getthreshold, k3_k2_ratio, plotKmers, convertToFasta, extract_repetitive_reads, filterReadsNew, runGenomeAssembly
Jun-23 14:19:28.983 [main] DEBUG nextflow.Session - Igniting dataflow network (12)
Jun-23 14:19:28.991 [main] DEBUG nextflow.processor.TaskProcessor - Starting process > kmerCounting
Jun-23 14:19:28.992 [main] DEBUG nextflow.processor.TaskProcessor - Starting process > plotKmers
Jun-23 14:19:28.992 [main] DEBUG nextflow.processor.TaskProcessor - Starting process > getthreshold
Jun-23 14:19:28.992 [main] DEBUG nextflow.processor.TaskProcessor - Starting process > filterReadsNew
Jun-23 14:19:28.993 [main] DEBUG nextflow.processor.TaskProcessor - Starting process > plot_existence
Jun-23 14:19:28.993 [main] DEBUG nextflow.processor.TaskProcessor - Starting process > extract_repetitive_reads
Jun-23 14:19:28.993 [main] DEBUG nextflow.processor.TaskProcessor - Starting process > runGenomeAssembly
Jun-23 14:19:28.994 [main] DEBUG nextflow.processor.TaskProcessor - Starting process > convertToFasta
Jun-23 14:19:28.994 [main] DEBUG nextflow.processor.TaskProcessor - Starting process > k3_k1_ratio
Jun-23 14:19:28.995 [PathVisitor-1] DEBUG nextflow.file.PathVisitor - files for syntax: glob; folder: /scratch1/Masters/Arshia/akpk/data/30x_coverage/; pattern: *.{fastq,fastq.gz}; options: [:]
Jun-23 14:19:28.995 [main] DEBUG nextflow.processor.TaskProcessor - Starting process > k3_k2_ratio
Jun-23 14:19:28.995 [main] DEBUG nextflow.processor.TaskProcessor - Starting process > quast
Jun-23 14:19:28.996 [main] DEBUG nextflow.script.ScriptRunner - Parsed script files:
  Script_b714e38cd52207ce: /scratch1/Masters/Arshia/akpk/pipeline/long_read.nf
Jun-23 14:19:28.996 [main] DEBUG nextflow.script.ScriptRunner - > Awaiting termination 
Jun-23 14:19:28.996 [main] DEBUG nextflow.Session - Session await
Jun-23 14:19:29.263 [Task submitter] DEBUG n.executor.local.LocalTaskHandler - Launch cmd line: /bin/bash -ue .command.run
Jun-23 14:19:29.268 [Task submitter] INFO  nextflow.Session - [a1/15545c] Submitted process > kmerCounting
Jun-23 14:24:28.953 [Task monitor] DEBUG n.processor.TaskPollingMonitor - !! executor local > tasks to be completed: 1 -- submitted tasks are shown below
~> TaskHandler[id: 1; name: kmerCounting; status: RUNNING; exit: -; error: -; workDir: /scratch1/Masters/Arshia/akpk/pipeline/work/a1/15545ce3869b1b4eaa0abcd1af618d]
Jun-23 14:29:28.966 [Task monitor] DEBUG n.processor.TaskPollingMonitor - !! executor local > tasks to be completed: 1 -- submitted tasks are shown below
~> TaskHandler[id: 1; name: kmerCounting; status: RUNNING; exit: -; error: -; workDir: /scratch1/Masters/Arshia/akpk/pipeline/work/a1/15545ce3869b1b4eaa0abcd1af618d]
Jun-23 14:34:29.015 [Task monitor] DEBUG n.processor.TaskPollingMonitor - !! executor local > tasks to be completed: 1 -- submitted tasks are shown below
~> TaskHandler[id: 1; name: kmerCounting; status: RUNNING; exit: -; error: -; workDir: /scratch1/Masters/Arshia/akpk/pipeline/work/a1/15545ce3869b1b4eaa0abcd1af618d]
Jun-23 14:39:29.043 [Task monitor] DEBUG n.processor.TaskPollingMonitor - !! executor local > tasks to be completed: 1 -- submitted tasks are shown below
~> TaskHandler[id: 1; name: kmerCounting; status: RUNNING; exit: -; error: -; workDir: /scratch1/Masters/Arshia/akpk/pipeline/work/a1/15545ce3869b1b4eaa0abcd1af618d]
Jun-23 14:44:29.126 [Task monitor] DEBUG n.processor.TaskPollingMonitor - !! executor local > tasks to be completed: 1 -- submitted tasks are shown below
~> TaskHandler[id: 1; name: kmerCounting; status: RUNNING; exit: -; error: -; workDir: /scratch1/Masters/Arshia/akpk/pipeline/work/a1/15545ce3869b1b4eaa0abcd1af618d]
Jun-23 14:49:29.221 [Task monitor] DEBUG n.processor.TaskPollingMonitor - !! executor local > tasks to be completed: 1 -- submitted tasks are shown below
~> TaskHandler[id: 1; name: kmerCounting; status: RUNNING; exit: -; error: -; workDir: /scratch1/Masters/Arshia/akpk/pipeline/work/a1/15545ce3869b1b4eaa0abcd1af618d]
Jun-23 14:54:29.316 [Task monitor] DEBUG n.processor.TaskPollingMonitor - !! executor local > tasks to be completed: 1 -- submitted tasks are shown below
~> TaskHandler[id: 1; name: kmerCounting; status: RUNNING; exit: -; error: -; workDir: /scratch1/Masters/Arshia/akpk/pipeline/work/a1/15545ce3869b1b4eaa0abcd1af618d]
Jun-23 14:59:29.361 [Task monitor] DEBUG n.processor.TaskPollingMonitor - !! executor local > tasks to be completed: 1 -- submitted tasks are shown below
~> TaskHandler[id: 1; name: kmerCounting; status: RUNNING; exit: -; error: -; workDir: /scratch1/Masters/Arshia/akpk/pipeline/work/a1/15545ce3869b1b4eaa0abcd1af618d]
Jun-23 15:04:29.363 [Task monitor] DEBUG n.processor.TaskPollingMonitor - !! executor local > tasks to be completed: 1 -- submitted tasks are shown below
~> TaskHandler[id: 1; name: kmerCounting; status: RUNNING; exit: -; error: -; workDir: /scratch1/Masters/Arshia/akpk/pipeline/work/a1/15545ce3869b1b4eaa0abcd1af618d]
Jun-23 15:09:29.377 [Task monitor] DEBUG n.processor.TaskPollingMonitor - !! executor local > tasks to be completed: 1 -- submitted tasks are shown below
~> TaskHandler[id: 1; name: kmerCounting; status: RUNNING; exit: -; error: -; workDir: /scratch1/Masters/Arshia/akpk/pipeline/work/a1/15545ce3869b1b4eaa0abcd1af618d]
Jun-23 15:14:29.379 [Task monitor] DEBUG n.processor.TaskPollingMonitor - !! executor local > tasks to be completed: 1 -- submitted tasks are shown below
~> TaskHandler[id: 1; name: kmerCounting; status: RUNNING; exit: -; error: -; workDir: /scratch1/Masters/Arshia/akpk/pipeline/work/a1/15545ce3869b1b4eaa0abcd1af618d]
Jun-23 15:19:29.443 [Task monitor] DEBUG n.processor.TaskPollingMonitor - !! executor local > tasks to be completed: 1 -- submitted tasks are shown below
~> TaskHandler[id: 1; name: kmerCounting; status: RUNNING; exit: -; error: -; workDir: /scratch1/Masters/Arshia/akpk/pipeline/work/a1/15545ce3869b1b4eaa0abcd1af618d]
Jun-23 15:24:29.543 [Task monitor] DEBUG n.processor.TaskPollingMonitor - !! executor local > tasks to be completed: 1 -- submitted tasks are shown below
~> TaskHandler[id: 1; name: kmerCounting; status: RUNNING; exit: -; error: -; workDir: /scratch1/Masters/Arshia/akpk/pipeline/work/a1/15545ce3869b1b4eaa0abcd1af618d]
Jun-23 15:29:29.548 [Task monitor] DEBUG n.processor.TaskPollingMonitor - !! executor local > tasks to be completed: 1 -- submitted tasks are shown below
~> TaskHandler[id: 1; name: kmerCounting; status: RUNNING; exit: -; error: -; workDir: /scratch1/Masters/Arshia/akpk/pipeline/work/a1/15545ce3869b1b4eaa0abcd1af618d]
Jun-23 15:34:29.629 [Task monitor] DEBUG n.processor.TaskPollingMonitor - !! executor local > tasks to be completed: 1 -- submitted tasks are shown below
~> TaskHandler[id: 1; name: kmerCounting; status: RUNNING; exit: -; error: -; workDir: /scratch1/Masters/Arshia/akpk/pipeline/work/a1/15545ce3869b1b4eaa0abcd1af618d]
Jun-23 15:39:29.719 [Task monitor] DEBUG n.processor.TaskPollingMonitor - !! executor local > tasks to be completed: 1 -- submitted tasks are shown below
~> TaskHandler[id: 1; name: kmerCounting; status: RUNNING; exit: -; error: -; workDir: /scratch1/Masters/Arshia/akpk/pipeline/work/a1/15545ce3869b1b4eaa0abcd1af618d]
Jun-23 15:44:29.795 [Task monitor] DEBUG n.processor.TaskPollingMonitor - !! executor local > tasks to be completed: 1 -- submitted tasks are shown below
~> TaskHandler[id: 1; name: kmerCounting; status: RUNNING; exit: -; error: -; workDir: /scratch1/Masters/Arshia/akpk/pipeline/work/a1/15545ce3869b1b4eaa0abcd1af618d]
Jun-23 15:49:29.895 [Task monitor] DEBUG n.processor.TaskPollingMonitor - !! executor local > tasks to be completed: 1 -- submitted tasks are shown below
~> TaskHandler[id: 1; name: kmerCounting; status: RUNNING; exit: -; error: -; workDir: /scratch1/Masters/Arshia/akpk/pipeline/work/a1/15545ce3869b1b4eaa0abcd1af618d]
Jun-23 15:54:29.994 [Task monitor] DEBUG n.processor.TaskPollingMonitor - !! executor local > tasks to be completed: 1 -- submitted tasks are shown below
~> TaskHandler[id: 1; name: kmerCounting; status: RUNNING; exit: -; error: -; workDir: /scratch1/Masters/Arshia/akpk/pipeline/work/a1/15545ce3869b1b4eaa0abcd1af618d]
Jun-23 15:59:30.077 [Task monitor] DEBUG n.processor.TaskPollingMonitor - !! executor local > tasks to be completed: 1 -- submitted tasks are shown below
~> TaskHandler[id: 1; name: kmerCounting; status: RUNNING; exit: -; error: -; workDir: /scratch1/Masters/Arshia/akpk/pipeline/work/a1/15545ce3869b1b4eaa0abcd1af618d]
Jun-23 16:04:00.167 [Task monitor] DEBUG n.processor.TaskPollingMonitor - Task completed > TaskHandler[id: 1; name: kmerCounting; status: COMPLETED; exit: 0; error: -; workDir: /scratch1/Masters/Arshia/akpk/pipeline/work/a1/15545ce3869b1b4eaa0abcd1af618d]
Jun-23 16:04:00.239 [Task submitter] DEBUG n.executor.local.LocalTaskHandler - Launch cmd line: /bin/bash -ue .command.run
Jun-23 16:04:00.241 [Task submitter] INFO  nextflow.Session - [e2/6e7cbe] Submitted process > plotKmers
Jun-23 16:04:00.259 [Task submitter] DEBUG n.executor.local.LocalTaskHandler - Launch cmd line: /bin/bash -ue .command.run
Jun-23 16:04:00.260 [Task submitter] INFO  nextflow.Session - [fe/a65baa] Submitted process > getthreshold
Jun-23 16:04:00.400 [Task monitor] DEBUG n.processor.TaskPollingMonitor - Task completed > TaskHandler[id: 2; name: getthreshold; status: COMPLETED; exit: 0; error: -; workDir: /scratch1/Masters/Arshia/akpk/pipeline/work/fe/a65baa143434922b8749ed8e7341cb]
Jun-23 16:04:00.425 [Task submitter] DEBUG n.executor.local.LocalTaskHandler - Launch cmd line: /bin/bash -ue .command.run
Jun-23 16:04:00.425 [Task submitter] INFO  nextflow.Session - [bf/aeeae5] Submitted process > filterReadsNew
Jun-23 16:04:01.829 [Task monitor] DEBUG n.processor.TaskPollingMonitor - Task completed > TaskHandler[id: 3; name: plotKmers; status: COMPLETED; exit: 0; error: -; workDir: /scratch1/Masters/Arshia/akpk/pipeline/work/e2/6e7cbe1b64eca7e9a95948e6fb3639]
Jun-23 16:04:30.166 [Task monitor] DEBUG n.processor.TaskPollingMonitor - !! executor local > tasks to be completed: 1 -- submitted tasks are shown below
~> TaskHandler[id: 4; name: filterReadsNew; status: RUNNING; exit: -; error: -; workDir: /scratch1/Masters/Arshia/akpk/pipeline/work/bf/aeeae515018675a96c3d0784aefedc]
Jun-23 16:09:30.247 [Task monitor] DEBUG n.processor.TaskPollingMonitor - !! executor local > tasks to be completed: 1 -- submitted tasks are shown below
~> TaskHandler[id: 4; name: filterReadsNew; status: RUNNING; exit: -; error: -; workDir: /scratch1/Masters/Arshia/akpk/pipeline/work/bf/aeeae515018675a96c3d0784aefedc]
Jun-23 16:14:30.289 [Task monitor] DEBUG n.processor.TaskPollingMonitor - !! executor local > tasks to be completed: 1 -- submitted tasks are shown below
~> TaskHandler[id: 4; name: filterReadsNew; status: RUNNING; exit: -; error: -; workDir: /scratch1/Masters/Arshia/akpk/pipeline/work/bf/aeeae515018675a96c3d0784aefedc]
Jun-23 16:19:30.344 [Task monitor] DEBUG n.processor.TaskPollingMonitor - !! executor local > tasks to be completed: 1 -- submitted tasks are shown below
~> TaskHandler[id: 4; name: filterReadsNew; status: RUNNING; exit: -; error: -; workDir: /scratch1/Masters/Arshia/akpk/pipeline/work/bf/aeeae515018675a96c3d0784aefedc]
Jun-23 16:24:30.400 [Task monitor] DEBUG n.processor.TaskPollingMonitor - !! executor local > tasks to be completed: 1 -- submitted tasks are shown below
~> TaskHandler[id: 4; name: filterReadsNew; status: RUNNING; exit: -; error: -; workDir: /scratch1/Masters/Arshia/akpk/pipeline/work/bf/aeeae515018675a96c3d0784aefedc]
Jun-23 16:29:30.450 [Task monitor] DEBUG n.processor.TaskPollingMonitor - !! executor local > tasks to be completed: 1 -- submitted tasks are shown below
~> TaskHandler[id: 4; name: filterReadsNew; status: RUNNING; exit: -; error: -; workDir: /scratch1/Masters/Arshia/akpk/pipeline/work/bf/aeeae515018675a96c3d0784aefedc]
Jun-23 16:34:30.495 [Task monitor] DEBUG n.processor.TaskPollingMonitor - !! executor local > tasks to be completed: 1 -- submitted tasks are shown below
~> TaskHandler[id: 4; name: filterReadsNew; status: RUNNING; exit: -; error: -; workDir: /scratch1/Masters/Arshia/akpk/pipeline/work/bf/aeeae515018675a96c3d0784aefedc]
Jun-23 16:39:30.542 [Task monitor] DEBUG n.processor.TaskPollingMonitor - !! executor local > tasks to be completed: 1 -- submitted tasks are shown below
~> TaskHandler[id: 4; name: filterReadsNew; status: RUNNING; exit: -; error: -; workDir: /scratch1/Masters/Arshia/akpk/pipeline/work/bf/aeeae515018675a96c3d0784aefedc]
Jun-23 16:44:30.599 [Task monitor] DEBUG n.processor.TaskPollingMonitor - !! executor local > tasks to be completed: 1 -- submitted tasks are shown below
~> TaskHandler[id: 4; name: filterReadsNew; status: RUNNING; exit: -; error: -; workDir: /scratch1/Masters/Arshia/akpk/pipeline/work/bf/aeeae515018675a96c3d0784aefedc]
Jun-23 16:49:30.655 [Task monitor] DEBUG n.processor.TaskPollingMonitor - !! executor local > tasks to be completed: 1 -- submitted tasks are shown below
~> TaskHandler[id: 4; name: filterReadsNew; status: RUNNING; exit: -; error: -; workDir: /scratch1/Masters/Arshia/akpk/pipeline/work/bf/aeeae515018675a96c3d0784aefedc]
Jun-23 16:54:30.708 [Task monitor] DEBUG n.processor.TaskPollingMonitor - !! executor local > tasks to be completed: 1 -- submitted tasks are shown below
~> TaskHandler[id: 4; name: filterReadsNew; status: RUNNING; exit: -; error: -; workDir: /scratch1/Masters/Arshia/akpk/pipeline/work/bf/aeeae515018675a96c3d0784aefedc]
Jun-23 16:59:30.756 [Task monitor] DEBUG n.processor.TaskPollingMonitor - !! executor local > tasks to be completed: 1 -- submitted tasks are shown below
~> TaskHandler[id: 4; name: filterReadsNew; status: RUNNING; exit: -; error: -; workDir: /scratch1/Masters/Arshia/akpk/pipeline/work/bf/aeeae515018675a96c3d0784aefedc]
Jun-23 17:04:30.803 [Task monitor] DEBUG n.processor.TaskPollingMonitor - !! executor local > tasks to be completed: 1 -- submitted tasks are shown below
~> TaskHandler[id: 4; name: filterReadsNew; status: RUNNING; exit: -; error: -; workDir: /scratch1/Masters/Arshia/akpk/pipeline/work/bf/aeeae515018675a96c3d0784aefedc]
Jun-23 17:09:30.856 [Task monitor] DEBUG n.processor.TaskPollingMonitor - !! executor local > tasks to be completed: 1 -- submitted tasks are shown below
~> TaskHandler[id: 4; name: filterReadsNew; status: RUNNING; exit: -; error: -; workDir: /scratch1/Masters/Arshia/akpk/pipeline/work/bf/aeeae515018675a96c3d0784aefedc]
Jun-23 17:14:30.898 [Task monitor] DEBUG n.processor.TaskPollingMonitor - !! executor local > tasks to be completed: 1 -- submitted tasks are shown below
~> TaskHandler[id: 4; name: filterReadsNew; status: RUNNING; exit: -; error: -; workDir: /scratch1/Masters/Arshia/akpk/pipeline/work/bf/aeeae515018675a96c3d0784aefedc]
Jun-23 17:19:30.938 [Task monitor] DEBUG n.processor.TaskPollingMonitor - !! executor local > tasks to be completed: 1 -- submitted tasks are shown below
~> TaskHandler[id: 4; name: filterReadsNew; status: RUNNING; exit: -; error: -; workDir: /scratch1/Masters/Arshia/akpk/pipeline/work/bf/aeeae515018675a96c3d0784aefedc]
Jun-23 17:24:30.977 [Task monitor] DEBUG n.processor.TaskPollingMonitor - !! executor local > tasks to be completed: 1 -- submitted tasks are shown below
~> TaskHandler[id: 4; name: filterReadsNew; status: RUNNING; exit: -; error: -; workDir: /scratch1/Masters/Arshia/akpk/pipeline/work/bf/aeeae515018675a96c3d0784aefedc]
Jun-23 17:29:31.013 [Task monitor] DEBUG n.processor.TaskPollingMonitor - !! executor local > tasks to be completed: 1 -- submitted tasks are shown below
~> TaskHandler[id: 4; name: filterReadsNew; status: RUNNING; exit: -; error: -; workDir: /scratch1/Masters/Arshia/akpk/pipeline/work/bf/aeeae515018675a96c3d0784aefedc]
Jun-23 17:34:31.065 [Task monitor] DEBUG n.processor.TaskPollingMonitor - !! executor local > tasks to be completed: 1 -- submitted tasks are shown below
~> TaskHandler[id: 4; name: filterReadsNew; status: RUNNING; exit: -; error: -; workDir: /scratch1/Masters/Arshia/akpk/pipeline/work/bf/aeeae515018675a96c3d0784aefedc]
Jun-23 17:39:31.131 [Task monitor] DEBUG n.processor.TaskPollingMonitor - !! executor local > tasks to be completed: 1 -- submitted tasks are shown below
~> TaskHandler[id: 4; name: filterReadsNew; status: RUNNING; exit: -; error: -; workDir: /scratch1/Masters/Arshia/akpk/pipeline/work/bf/aeeae515018675a96c3d0784aefedc]
Jun-23 17:44:31.185 [Task monitor] DEBUG n.processor.TaskPollingMonitor - !! executor local > tasks to be completed: 1 -- submitted tasks are shown below
~> TaskHandler[id: 4; name: filterReadsNew; status: RUNNING; exit: -; error: -; workDir: /scratch1/Masters/Arshia/akpk/pipeline/work/bf/aeeae515018675a96c3d0784aefedc]
Jun-23 17:49:31.239 [Task monitor] DEBUG n.processor.TaskPollingMonitor - !! executor local > tasks to be completed: 1 -- submitted tasks are shown below
~> TaskHandler[id: 4; name: filterReadsNew; status: RUNNING; exit: -; error: -; workDir: /scratch1/Masters/Arshia/akpk/pipeline/work/bf/aeeae515018675a96c3d0784aefedc]
Jun-23 17:54:31.296 [Task monitor] DEBUG n.processor.TaskPollingMonitor - !! executor local > tasks to be completed: 1 -- submitted tasks are shown below
~> TaskHandler[id: 4; name: filterReadsNew; status: RUNNING; exit: -; error: -; workDir: /scratch1/Masters/Arshia/akpk/pipeline/work/bf/aeeae515018675a96c3d0784aefedc]
Jun-23 17:59:31.371 [Task monitor] DEBUG n.processor.TaskPollingMonitor - !! executor local > tasks to be completed: 1 -- submitted tasks are shown below
~> TaskHandler[id: 4; name: filterReadsNew; status: RUNNING; exit: -; error: -; workDir: /scratch1/Masters/Arshia/akpk/pipeline/work/bf/aeeae515018675a96c3d0784aefedc]
Jun-23 18:04:31.425 [Task monitor] DEBUG n.processor.TaskPollingMonitor - !! executor local > tasks to be completed: 1 -- submitted tasks are shown below
~> TaskHandler[id: 4; name: filterReadsNew; status: RUNNING; exit: -; error: -; workDir: /scratch1/Masters/Arshia/akpk/pipeline/work/bf/aeeae515018675a96c3d0784aefedc]
Jun-23 18:09:31.477 [Task monitor] DEBUG n.processor.TaskPollingMonitor - !! executor local > tasks to be completed: 1 -- submitted tasks are shown below
~> TaskHandler[id: 4; name: filterReadsNew; status: RUNNING; exit: -; error: -; workDir: /scratch1/Masters/Arshia/akpk/pipeline/work/bf/aeeae515018675a96c3d0784aefedc]
Jun-23 18:14:31.537 [Task monitor] DEBUG n.processor.TaskPollingMonitor - !! executor local > tasks to be completed: 1 -- submitted tasks are shown below
~> TaskHandler[id: 4; name: filterReadsNew; status: RUNNING; exit: -; error: -; workDir: /scratch1/Masters/Arshia/akpk/pipeline/work/bf/aeeae515018675a96c3d0784aefedc]
Jun-23 18:19:31.589 [Task monitor] DEBUG n.processor.TaskPollingMonitor - !! executor local > tasks to be completed: 1 -- submitted tasks are shown below
~> TaskHandler[id: 4; name: filterReadsNew; status: RUNNING; exit: -; error: -; workDir: /scratch1/Masters/Arshia/akpk/pipeline/work/bf/aeeae515018675a96c3d0784aefedc]
Jun-23 18:24:31.643 [Task monitor] DEBUG n.processor.TaskPollingMonitor - !! executor local > tasks to be completed: 1 -- submitted tasks are shown below
~> TaskHandler[id: 4; name: filterReadsNew; status: RUNNING; exit: -; error: -; workDir: /scratch1/Masters/Arshia/akpk/pipeline/work/bf/aeeae515018675a96c3d0784aefedc]
Jun-23 18:29:31.702 [Task monitor] DEBUG n.processor.TaskPollingMonitor - !! executor local > tasks to be completed: 1 -- submitted tasks are shown below
~> TaskHandler[id: 4; name: filterReadsNew; status: RUNNING; exit: -; error: -; workDir: /scratch1/Masters/Arshia/akpk/pipeline/work/bf/aeeae515018675a96c3d0784aefedc]
Jun-23 18:34:31.752 [Task monitor] DEBUG n.processor.TaskPollingMonitor - !! executor local > tasks to be completed: 1 -- submitted tasks are shown below
~> TaskHandler[id: 4; name: filterReadsNew; status: RUNNING; exit: -; error: -; workDir: /scratch1/Masters/Arshia/akpk/pipeline/work/bf/aeeae515018675a96c3d0784aefedc]
Jun-23 18:39:31.798 [Task monitor] DEBUG n.processor.TaskPollingMonitor - !! executor local > tasks to be completed: 1 -- submitted tasks are shown below
~> TaskHandler[id: 4; name: filterReadsNew; status: RUNNING; exit: -; error: -; workDir: /scratch1/Masters/Arshia/akpk/pipeline/work/bf/aeeae515018675a96c3d0784aefedc]
Jun-23 18:44:31.852 [Task monitor] DEBUG n.processor.TaskPollingMonitor - !! executor local > tasks to be completed: 1 -- submitted tasks are shown below
~> TaskHandler[id: 4; name: filterReadsNew; status: RUNNING; exit: -; error: -; workDir: /scratch1/Masters/Arshia/akpk/pipeline/work/bf/aeeae515018675a96c3d0784aefedc]
Jun-23 18:49:31.895 [Task monitor] DEBUG n.processor.TaskPollingMonitor - !! executor local > tasks to be completed: 1 -- submitted tasks are shown below
~> TaskHandler[id: 4; name: filterReadsNew; status: RUNNING; exit: -; error: -; workDir: /scratch1/Masters/Arshia/akpk/pipeline/work/bf/aeeae515018675a96c3d0784aefedc]
Jun-23 18:54:31.951 [Task monitor] DEBUG n.processor.TaskPollingMonitor - !! executor local > tasks to be completed: 1 -- submitted tasks are shown below
~> TaskHandler[id: 4; name: filterReadsNew; status: RUNNING; exit: -; error: -; workDir: /scratch1/Masters/Arshia/akpk/pipeline/work/bf/aeeae515018675a96c3d0784aefedc]
Jun-23 18:59:32.007 [Task monitor] DEBUG n.processor.TaskPollingMonitor - !! executor local > tasks to be completed: 1 -- submitted tasks are shown below
~> TaskHandler[id: 4; name: filterReadsNew; status: RUNNING; exit: -; error: -; workDir: /scratch1/Masters/Arshia/akpk/pipeline/work/bf/aeeae515018675a96c3d0784aefedc]
Jun-23 19:04:32.056 [Task monitor] DEBUG n.processor.TaskPollingMonitor - !! executor local > tasks to be completed: 1 -- submitted tasks are shown below
~> TaskHandler[id: 4; name: filterReadsNew; status: RUNNING; exit: -; error: -; workDir: /scratch1/Masters/Arshia/akpk/pipeline/work/bf/aeeae515018675a96c3d0784aefedc]
Jun-23 19:09:32.104 [Task monitor] DEBUG n.processor.TaskPollingMonitor - !! executor local > tasks to be completed: 1 -- submitted tasks are shown below
~> TaskHandler[id: 4; name: filterReadsNew; status: RUNNING; exit: -; error: -; workDir: /scratch1/Masters/Arshia/akpk/pipeline/work/bf/aeeae515018675a96c3d0784aefedc]
Jun-23 19:14:32.159 [Task monitor] DEBUG n.processor.TaskPollingMonitor - !! executor local > tasks to be completed: 1 -- submitted tasks are shown below
~> TaskHandler[id: 4; name: filterReadsNew; status: RUNNING; exit: -; error: -; workDir: /scratch1/Masters/Arshia/akpk/pipeline/work/bf/aeeae515018675a96c3d0784aefedc]
Jun-23 19:19:32.214 [Task monitor] DEBUG n.processor.TaskPollingMonitor - !! executor local > tasks to be completed: 1 -- submitted tasks are shown below
~> TaskHandler[id: 4; name: filterReadsNew; status: RUNNING; exit: -; error: -; workDir: /scratch1/Masters/Arshia/akpk/pipeline/work/bf/aeeae515018675a96c3d0784aefedc]
Jun-23 19:24:32.265 [Task monitor] DEBUG n.processor.TaskPollingMonitor - !! executor local > tasks to be completed: 1 -- submitted tasks are shown below
~> TaskHandler[id: 4; name: filterReadsNew; status: RUNNING; exit: -; error: -; workDir: /scratch1/Masters/Arshia/akpk/pipeline/work/bf/aeeae515018675a96c3d0784aefedc]
Jun-23 19:29:32.325 [Task monitor] DEBUG n.processor.TaskPollingMonitor - !! executor local > tasks to be completed: 1 -- submitted tasks are shown below
~> TaskHandler[id: 4; name: filterReadsNew; status: RUNNING; exit: -; error: -; workDir: /scratch1/Masters/Arshia/akpk/pipeline/work/bf/aeeae515018675a96c3d0784aefedc]
Jun-23 19:34:32.366 [Task monitor] DEBUG n.processor.TaskPollingMonitor - !! executor local > tasks to be completed: 1 -- submitted tasks are shown below
~> TaskHandler[id: 4; name: filterReadsNew; status: RUNNING; exit: -; error: -; workDir: /scratch1/Masters/Arshia/akpk/pipeline/work/bf/aeeae515018675a96c3d0784aefedc]
Jun-23 19:39:32.404 [Task monitor] DEBUG n.processor.TaskPollingMonitor - !! executor local > tasks to be completed: 1 -- submitted tasks are shown below
~> TaskHandler[id: 4; name: filterReadsNew; status: RUNNING; exit: -; error: -; workDir: /scratch1/Masters/Arshia/akpk/pipeline/work/bf/aeeae515018675a96c3d0784aefedc]
Jun-23 19:44:32.434 [Task monitor] DEBUG n.processor.TaskPollingMonitor - !! executor local > tasks to be completed: 1 -- submitted tasks are shown below
~> TaskHandler[id: 4; name: filterReadsNew; status: RUNNING; exit: -; error: -; workDir: /scratch1/Masters/Arshia/akpk/pipeline/work/bf/aeeae515018675a96c3d0784aefedc]
Jun-23 19:49:32.484 [Task monitor] DEBUG n.processor.TaskPollingMonitor - !! executor local > tasks to be completed: 1 -- submitted tasks are shown below
~> TaskHandler[id: 4; name: filterReadsNew; status: RUNNING; exit: -; error: -; workDir: /scratch1/Masters/Arshia/akpk/pipeline/work/bf/aeeae515018675a96c3d0784aefedc]
Jun-23 19:54:32.521 [Task monitor] DEBUG n.processor.TaskPollingMonitor - !! executor local > tasks to be completed: 1 -- submitted tasks are shown below
~> TaskHandler[id: 4; name: filterReadsNew; status: RUNNING; exit: -; error: -; workDir: /scratch1/Masters/Arshia/akpk/pipeline/work/bf/aeeae515018675a96c3d0784aefedc]
Jun-23 19:59:32.575 [Task monitor] DEBUG n.processor.TaskPollingMonitor - !! executor local > tasks to be completed: 1 -- submitted tasks are shown below
~> TaskHandler[id: 4; name: filterReadsNew; status: RUNNING; exit: -; error: -; workDir: /scratch1/Masters/Arshia/akpk/pipeline/work/bf/aeeae515018675a96c3d0784aefedc]
Jun-23 20:04:32.621 [Task monitor] DEBUG n.processor.TaskPollingMonitor - !! executor local > tasks to be completed: 1 -- submitted tasks are shown below
~> TaskHandler[id: 4; name: filterReadsNew; status: RUNNING; exit: -; error: -; workDir: /scratch1/Masters/Arshia/akpk/pipeline/work/bf/aeeae515018675a96c3d0784aefedc]
Jun-23 20:09:32.665 [Task monitor] DEBUG n.processor.TaskPollingMonitor - !! executor local > tasks to be completed: 1 -- submitted tasks are shown below
~> TaskHandler[id: 4; name: filterReadsNew; status: RUNNING; exit: -; error: -; workDir: /scratch1/Masters/Arshia/akpk/pipeline/work/bf/aeeae515018675a96c3d0784aefedc]
Jun-23 20:14:32.718 [Task monitor] DEBUG n.processor.TaskPollingMonitor - !! executor local > tasks to be completed: 1 -- submitted tasks are shown below
~> TaskHandler[id: 4; name: filterReadsNew; status: RUNNING; exit: -; error: -; workDir: /scratch1/Masters/Arshia/akpk/pipeline/work/bf/aeeae515018675a96c3d0784aefedc]
Jun-23 20:16:46.969 [Task monitor] DEBUG n.processor.TaskPollingMonitor - Task completed > TaskHandler[id: 4; name: filterReadsNew; status: COMPLETED; exit: 0; error: -; workDir: /scratch1/Masters/Arshia/akpk/pipeline/work/bf/aeeae515018675a96c3d0784aefedc]
Jun-23 20:16:47.073 [Task submitter] DEBUG n.executor.local.LocalTaskHandler - Launch cmd line: /bin/bash -ue .command.run
Jun-23 20:16:47.074 [Task submitter] INFO  nextflow.Session - [29/17da42] Submitted process > extract_repetitive_reads
Jun-23 20:16:47.089 [Task submitter] DEBUG n.executor.local.LocalTaskHandler - Launch cmd line: /bin/bash -ue .command.run
Jun-23 20:16:47.090 [Task submitter] INFO  nextflow.Session - [1e/837734] Submitted process > plot_existence
Jun-23 20:17:07.679 [Task monitor] DEBUG n.processor.TaskPollingMonitor - Task completed > TaskHandler[id: 5; name: plot_existence; status: COMPLETED; exit: 0; error: -; workDir: /scratch1/Masters/Arshia/akpk/pipeline/work/1e/837734bd033d84343ca2a1cc3c9178]
Jun-23 20:19:32.744 [Task monitor] DEBUG n.processor.TaskPollingMonitor - !! executor local > tasks to be completed: 1 -- submitted tasks are shown below
~> TaskHandler[id: 6; name: extract_repetitive_reads; status: RUNNING; exit: -; error: -; workDir: /scratch1/Masters/Arshia/akpk/pipeline/work/29/17da421cbc7ceb892168c22bd6ca83]
Jun-23 20:24:32.789 [Task monitor] DEBUG n.processor.TaskPollingMonitor - !! executor local > tasks to be completed: 1 -- submitted tasks are shown below
~> TaskHandler[id: 6; name: extract_repetitive_reads; status: RUNNING; exit: -; error: -; workDir: /scratch1/Masters/Arshia/akpk/pipeline/work/29/17da421cbc7ceb892168c22bd6ca83]
Jun-23 20:29:32.840 [Task monitor] DEBUG n.processor.TaskPollingMonitor - !! executor local > tasks to be completed: 1 -- submitted tasks are shown below
~> TaskHandler[id: 6; name: extract_repetitive_reads; status: RUNNING; exit: -; error: -; workDir: /scratch1/Masters/Arshia/akpk/pipeline/work/29/17da421cbc7ceb892168c22bd6ca83]
Jun-23 20:34:32.877 [Task monitor] DEBUG n.processor.TaskPollingMonitor - !! executor local > tasks to be completed: 1 -- submitted tasks are shown below
~> TaskHandler[id: 6; name: extract_repetitive_reads; status: RUNNING; exit: -; error: -; workDir: /scratch1/Masters/Arshia/akpk/pipeline/work/29/17da421cbc7ceb892168c22bd6ca83]
Jun-23 20:39:32.927 [Task monitor] DEBUG n.processor.TaskPollingMonitor - !! executor local > tasks to be completed: 1 -- submitted tasks are shown below
~> TaskHandler[id: 6; name: extract_repetitive_reads; status: RUNNING; exit: -; error: -; workDir: /scratch1/Masters/Arshia/akpk/pipeline/work/29/17da421cbc7ceb892168c22bd6ca83]
Jun-23 20:44:32.977 [Task monitor] DEBUG n.processor.TaskPollingMonitor - !! executor local > tasks to be completed: 1 -- submitted tasks are shown below
~> TaskHandler[id: 6; name: extract_repetitive_reads; status: RUNNING; exit: -; error: -; workDir: /scratch1/Masters/Arshia/akpk/pipeline/work/29/17da421cbc7ceb892168c22bd6ca83]
Jun-23 20:49:33.023 [Task monitor] DEBUG n.processor.TaskPollingMonitor - !! executor local > tasks to be completed: 1 -- submitted tasks are shown below
~> TaskHandler[id: 6; name: extract_repetitive_reads; status: RUNNING; exit: -; error: -; workDir: /scratch1/Masters/Arshia/akpk/pipeline/work/29/17da421cbc7ceb892168c22bd6ca83]
Jun-23 20:54:33.070 [Task monitor] DEBUG n.processor.TaskPollingMonitor - !! executor local > tasks to be completed: 1 -- submitted tasks are shown below
~> TaskHandler[id: 6; name: extract_repetitive_reads; status: RUNNING; exit: -; error: -; workDir: /scratch1/Masters/Arshia/akpk/pipeline/work/29/17da421cbc7ceb892168c22bd6ca83]
Jun-23 20:59:33.118 [Task monitor] DEBUG n.processor.TaskPollingMonitor - !! executor local > tasks to be completed: 1 -- submitted tasks are shown below
~> TaskHandler[id: 6; name: extract_repetitive_reads; status: RUNNING; exit: -; error: -; workDir: /scratch1/Masters/Arshia/akpk/pipeline/work/29/17da421cbc7ceb892168c22bd6ca83]
Jun-23 20:59:45.487 [Task monitor] DEBUG n.processor.TaskPollingMonitor - Task completed > TaskHandler[id: 6; name: extract_repetitive_reads; status: COMPLETED; exit: 0; error: -; workDir: /scratch1/Masters/Arshia/akpk/pipeline/work/29/17da421cbc7ceb892168c22bd6ca83]
Jun-23 20:59:45.529 [Task submitter] DEBUG n.executor.local.LocalTaskHandler - Launch cmd line: /bin/bash -ue .command.run
Jun-23 20:59:45.530 [Task submitter] INFO  nextflow.Session - [af/a3dcf3] Submitted process > runGenomeAssembly
Jun-23 21:04:33.128 [Task monitor] DEBUG n.processor.TaskPollingMonitor - !! executor local > tasks to be completed: 1 -- submitted tasks are shown below
~> TaskHandler[id: 7; name: runGenomeAssembly; status: RUNNING; exit: -; error: -; workDir: /scratch1/Masters/Arshia/akpk/pipeline/work/af/a3dcf3dfae773df181366e02c75516]
Jun-23 21:09:33.194 [Task monitor] DEBUG n.processor.TaskPollingMonitor - !! executor local > tasks to be completed: 1 -- submitted tasks are shown below
~> TaskHandler[id: 7; name: runGenomeAssembly; status: RUNNING; exit: -; error: -; workDir: /scratch1/Masters/Arshia/akpk/pipeline/work/af/a3dcf3dfae773df181366e02c75516]
Jun-23 21:14:33.252 [Task monitor] DEBUG n.processor.TaskPollingMonitor - !! executor local > tasks to be completed: 1 -- submitted tasks are shown below
~> TaskHandler[id: 7; name: runGenomeAssembly; status: RUNNING; exit: -; error: -; workDir: /scratch1/Masters/Arshia/akpk/pipeline/work/af/a3dcf3dfae773df181366e02c75516]
Jun-23 21:19:33.308 [Task monitor] DEBUG n.processor.TaskPollingMonitor - !! executor local > tasks to be completed: 1 -- submitted tasks are shown below
~> TaskHandler[id: 7; name: runGenomeAssembly; status: RUNNING; exit: -; error: -; workDir: /scratch1/Masters/Arshia/akpk/pipeline/work/af/a3dcf3dfae773df181366e02c75516]
Jun-23 21:24:33.363 [Task monitor] DEBUG n.processor.TaskPollingMonitor - !! executor local > tasks to be completed: 1 -- submitted tasks are shown below
~> TaskHandler[id: 7; name: runGenomeAssembly; status: RUNNING; exit: -; error: -; workDir: /scratch1/Masters/Arshia/akpk/pipeline/work/af/a3dcf3dfae773df181366e02c75516]
Jun-23 21:29:33.419 [Task monitor] DEBUG n.processor.TaskPollingMonitor - !! executor local > tasks to be completed: 1 -- submitted tasks are shown below
~> TaskHandler[id: 7; name: runGenomeAssembly; status: RUNNING; exit: -; error: -; workDir: /scratch1/Masters/Arshia/akpk/pipeline/work/af/a3dcf3dfae773df181366e02c75516]
Jun-23 21:34:33.483 [Task monitor] DEBUG n.processor.TaskPollingMonitor - !! executor local > tasks to be completed: 1 -- submitted tasks are shown below
~> TaskHandler[id: 7; name: runGenomeAssembly; status: RUNNING; exit: -; error: -; workDir: /scratch1/Masters/Arshia/akpk/pipeline/work/af/a3dcf3dfae773df181366e02c75516]
Jun-23 21:39:33.540 [Task monitor] DEBUG n.processor.TaskPollingMonitor - !! executor local > tasks to be completed: 1 -- submitted tasks are shown below
~> TaskHandler[id: 7; name: runGenomeAssembly; status: RUNNING; exit: -; error: -; workDir: /scratch1/Masters/Arshia/akpk/pipeline/work/af/a3dcf3dfae773df181366e02c75516]
Jun-23 21:44:33.595 [Task monitor] DEBUG n.processor.TaskPollingMonitor - !! executor local > tasks to be completed: 1 -- submitted tasks are shown below
~> TaskHandler[id: 7; name: runGenomeAssembly; status: RUNNING; exit: -; error: -; workDir: /scratch1/Masters/Arshia/akpk/pipeline/work/af/a3dcf3dfae773df181366e02c75516]
Jun-23 21:49:33.662 [Task monitor] DEBUG n.processor.TaskPollingMonitor - !! executor local > tasks to be completed: 1 -- submitted tasks are shown below
~> TaskHandler[id: 7; name: runGenomeAssembly; status: RUNNING; exit: -; error: -; workDir: /scratch1/Masters/Arshia/akpk/pipeline/work/af/a3dcf3dfae773df181366e02c75516]
Jun-23 21:54:33.701 [Task monitor] DEBUG n.processor.TaskPollingMonitor - !! executor local > tasks to be completed: 1 -- submitted tasks are shown below
~> TaskHandler[id: 7; name: runGenomeAssembly; status: RUNNING; exit: -; error: -; workDir: /scratch1/Masters/Arshia/akpk/pipeline/work/af/a3dcf3dfae773df181366e02c75516]
Jun-23 21:59:33.753 [Task monitor] DEBUG n.processor.TaskPollingMonitor - !! executor local > tasks to be completed: 1 -- submitted tasks are shown below
~> TaskHandler[id: 7; name: runGenomeAssembly; status: RUNNING; exit: -; error: -; workDir: /scratch1/Masters/Arshia/akpk/pipeline/work/af/a3dcf3dfae773df181366e02c75516]
Jun-23 22:04:33.805 [Task monitor] DEBUG n.processor.TaskPollingMonitor - !! executor local > tasks to be completed: 1 -- submitted tasks are shown below
~> TaskHandler[id: 7; name: runGenomeAssembly; status: RUNNING; exit: -; error: -; workDir: /scratch1/Masters/Arshia/akpk/pipeline/work/af/a3dcf3dfae773df181366e02c75516]
Jun-23 22:09:33.864 [Task monitor] DEBUG n.processor.TaskPollingMonitor - !! executor local > tasks to be completed: 1 -- submitted tasks are shown below
~> TaskHandler[id: 7; name: runGenomeAssembly; status: RUNNING; exit: -; error: -; workDir: /scratch1/Masters/Arshia/akpk/pipeline/work/af/a3dcf3dfae773df181366e02c75516]
Jun-23 22:14:33.931 [Task monitor] DEBUG n.processor.TaskPollingMonitor - !! executor local > tasks to be completed: 1 -- submitted tasks are shown below
~> TaskHandler[id: 7; name: runGenomeAssembly; status: RUNNING; exit: -; error: -; workDir: /scratch1/Masters/Arshia/akpk/pipeline/work/af/a3dcf3dfae773df181366e02c75516]
Jun-23 22:19:33.992 [Task monitor] DEBUG n.processor.TaskPollingMonitor - !! executor local > tasks to be completed: 1 -- submitted tasks are shown below
~> TaskHandler[id: 7; name: runGenomeAssembly; status: RUNNING; exit: -; error: -; workDir: /scratch1/Masters/Arshia/akpk/pipeline/work/af/a3dcf3dfae773df181366e02c75516]
Jun-23 22:24:34.048 [Task monitor] DEBUG n.processor.TaskPollingMonitor - !! executor local > tasks to be completed: 1 -- submitted tasks are shown below
~> TaskHandler[id: 7; name: runGenomeAssembly; status: RUNNING; exit: -; error: -; workDir: /scratch1/Masters/Arshia/akpk/pipeline/work/af/a3dcf3dfae773df181366e02c75516]
Jun-23 22:29:34.096 [Task monitor] DEBUG n.processor.TaskPollingMonitor - !! executor local > tasks to be completed: 1 -- submitted tasks are shown below
~> TaskHandler[id: 7; name: runGenomeAssembly; status: RUNNING; exit: -; error: -; workDir: /scratch1/Masters/Arshia/akpk/pipeline/work/af/a3dcf3dfae773df181366e02c75516]
Jun-23 22:34:34.152 [Task monitor] DEBUG n.processor.TaskPollingMonitor - !! executor local > tasks to be completed: 1 -- submitted tasks are shown below
~> TaskHandler[id: 7; name: runGenomeAssembly; status: RUNNING; exit: -; error: -; workDir: /scratch1/Masters/Arshia/akpk/pipeline/work/af/a3dcf3dfae773df181366e02c75516]
Jun-23 22:39:34.206 [Task monitor] DEBUG n.processor.TaskPollingMonitor - !! executor local > tasks to be completed: 1 -- submitted tasks are shown below
~> TaskHandler[id: 7; name: runGenomeAssembly; status: RUNNING; exit: -; error: -; workDir: /scratch1/Masters/Arshia/akpk/pipeline/work/af/a3dcf3dfae773df181366e02c75516]
Jun-23 22:44:34.270 [Task monitor] DEBUG n.processor.TaskPollingMonitor - !! executor local > tasks to be completed: 1 -- submitted tasks are shown below
~> TaskHandler[id: 7; name: runGenomeAssembly; status: RUNNING; exit: -; error: -; workDir: /scratch1/Masters/Arshia/akpk/pipeline/work/af/a3dcf3dfae773df181366e02c75516]
Jun-23 22:49:34.332 [Task monitor] DEBUG n.processor.TaskPollingMonitor - !! executor local > tasks to be completed: 1 -- submitted tasks are shown below
~> TaskHandler[id: 7; name: runGenomeAssembly; status: RUNNING; exit: -; error: -; workDir: /scratch1/Masters/Arshia/akpk/pipeline/work/af/a3dcf3dfae773df181366e02c75516]
Jun-23 22:54:34.385 [Task monitor] DEBUG n.processor.TaskPollingMonitor - !! executor local > tasks to be completed: 1 -- submitted tasks are shown below
~> TaskHandler[id: 7; name: runGenomeAssembly; status: RUNNING; exit: -; error: -; workDir: /scratch1/Masters/Arshia/akpk/pipeline/work/af/a3dcf3dfae773df181366e02c75516]
Jun-23 22:59:34.445 [Task monitor] DEBUG n.processor.TaskPollingMonitor - !! executor local > tasks to be completed: 1 -- submitted tasks are shown below
~> TaskHandler[id: 7; name: runGenomeAssembly; status: RUNNING; exit: -; error: -; workDir: /scratch1/Masters/Arshia/akpk/pipeline/work/af/a3dcf3dfae773df181366e02c75516]
Jun-23 23:04:34.498 [Task monitor] DEBUG n.processor.TaskPollingMonitor - !! executor local > tasks to be completed: 1 -- submitted tasks are shown below
~> TaskHandler[id: 7; name: runGenomeAssembly; status: RUNNING; exit: -; error: -; workDir: /scratch1/Masters/Arshia/akpk/pipeline/work/af/a3dcf3dfae773df181366e02c75516]
Jun-23 23:09:34.563 [Task monitor] DEBUG n.processor.TaskPollingMonitor - !! executor local > tasks to be completed: 1 -- submitted tasks are shown below
~> TaskHandler[id: 7; name: runGenomeAssembly; status: RUNNING; exit: -; error: -; workDir: /scratch1/Masters/Arshia/akpk/pipeline/work/af/a3dcf3dfae773df181366e02c75516]
Jun-23 23:14:34.625 [Task monitor] DEBUG n.processor.TaskPollingMonitor - !! executor local > tasks to be completed: 1 -- submitted tasks are shown below
~> TaskHandler[id: 7; name: runGenomeAssembly; status: RUNNING; exit: -; error: -; workDir: /scratch1/Masters/Arshia/akpk/pipeline/work/af/a3dcf3dfae773df181366e02c75516]
Jun-23 23:19:34.678 [Task monitor] DEBUG n.processor.TaskPollingMonitor - !! executor local > tasks to be completed: 1 -- submitted tasks are shown below
~> TaskHandler[id: 7; name: runGenomeAssembly; status: RUNNING; exit: -; error: -; workDir: /scratch1/Masters/Arshia/akpk/pipeline/work/af/a3dcf3dfae773df181366e02c75516]
Jun-23 23:24:34.725 [Task monitor] DEBUG n.processor.TaskPollingMonitor - !! executor local > tasks to be completed: 1 -- submitted tasks are shown below
~> TaskHandler[id: 7; name: runGenomeAssembly; status: RUNNING; exit: -; error: -; workDir: /scratch1/Masters/Arshia/akpk/pipeline/work/af/a3dcf3dfae773df181366e02c75516]
Jun-23 23:24:56.953 [Task monitor] DEBUG n.processor.TaskPollingMonitor - Task completed > TaskHandler[id: 7; name: runGenomeAssembly; status: COMPLETED; exit: 0; error: -; workDir: /scratch1/Masters/Arshia/akpk/pipeline/work/af/a3dcf3dfae773df181366e02c75516]
Jun-23 23:24:56.997 [Task submitter] DEBUG n.executor.local.LocalTaskHandler - Launch cmd line: /bin/bash -ue .command.run
Jun-23 23:24:56.998 [Task submitter] INFO  nextflow.Session - [67/e0f1f6] Submitted process > convertToFasta
Jun-23 23:24:57.507 [Task monitor] DEBUG n.processor.TaskPollingMonitor - Task completed > TaskHandler[id: 8; name: convertToFasta; status: COMPLETED; exit: 0; error: -; workDir: /scratch1/Masters/Arshia/akpk/pipeline/work/67/e0f1f606af838ee0d44429e640424b]
Jun-23 23:24:57.535 [Task submitter] DEBUG n.executor.local.LocalTaskHandler - Launch cmd line: /bin/bash -ue .command.run
Jun-23 23:24:57.536 [Task submitter] INFO  nextflow.Session - [bb/5cc53f] Submitted process > k3_k1_ratio
Jun-23 23:24:57.566 [Task submitter] DEBUG n.executor.local.LocalTaskHandler - Launch cmd line: /bin/bash -ue .command.run
Jun-23 23:24:57.567 [Task submitter] INFO  nextflow.Session - [c1/9a862a] Submitted process > quast
Jun-23 23:25:06.547 [Task monitor] DEBUG n.processor.TaskPollingMonitor - Task completed > TaskHandler[id: 10; name: k3_k1_ratio; status: COMPLETED; exit: 0; error: -; workDir: /scratch1/Masters/Arshia/akpk/pipeline/work/bb/5cc53fe6bb36aac4b1beec5646c882]
Jun-23 23:25:06.584 [Task submitter] DEBUG n.executor.local.LocalTaskHandler - Launch cmd line: /bin/bash -ue .command.run
Jun-23 23:25:06.585 [Task submitter] INFO  nextflow.Session - [4a/6e493f] Submitted process > k3_k2_ratio
Jun-23 23:25:09.543 [Task monitor] DEBUG n.processor.TaskPollingMonitor - Task completed > TaskHandler[id: 9; name: quast; status: COMPLETED; exit: 0; error: -; workDir: /scratch1/Masters/Arshia/akpk/pipeline/work/c1/9a862a530e741828886d191c9795f5]
Jun-23 23:28:29.282 [Task monitor] DEBUG n.processor.TaskPollingMonitor - Task completed > TaskHandler[id: 11; name: k3_k2_ratio; status: COMPLETED; exit: 0; error: -; workDir: /scratch1/Masters/Arshia/akpk/pipeline/work/4a/6e493fdbf9dc6d054998a848957abd]
Jun-23 23:28:29.291 [main] DEBUG nextflow.Session - Session await > all processes finished
Jun-23 23:28:29.384 [Task monitor] DEBUG n.processor.TaskPollingMonitor - <<< barrier arrives (monitor: local) - terminating tasks monitor poll loop
Jun-23 23:28:29.385 [main] DEBUG nextflow.Session - Session await > all barriers passed
Jun-23 23:28:29.389 [main] DEBUG nextflow.util.ThreadPoolManager - Thread pool 'TaskFinalizer' shutdown completed (hard=false)
Jun-23 23:28:29.521 [main] DEBUG nextflow.util.ThreadPoolManager - Thread pool 'PublishDir' shutdown completed (hard=false)
Jun-23 23:28:29.531 [main] DEBUG n.trace.WorkflowStatsObserver - Workflow completed > WorkflowStats[succeededCount=11; failedCount=0; ignoredCount=0; cachedCount=0; pendingCount=0; submittedCount=0; runningCount=0; retriesCount=0; abortedCount=0; succeedDuration=9h 9m 33s; failedDuration=0ms; cachedDuration=0ms;loadCpus=0; loadMemory=0; peakRunning=2; peakCpus=2; peakMemory=0; ]
Jun-23 23:28:29.531 [main] DEBUG nextflow.trace.ReportObserver - Workflow completed -- rendering execution report
Jun-23 23:28:30.743 [main] DEBUG nextflow.cache.CacheDB - Closing CacheDB done
Jun-23 23:28:30.817 [main] DEBUG nextflow.util.ThreadPoolManager - Thread pool 'FileTransfer' shutdown completed (hard=false)
Jun-23 23:28:30.819 [main] DEBUG nextflow.script.ScriptRunner - > Execution complete -- Goodbye
